# JRE version: Java(TM) SE Runtime Environment (8.0_151-b12) (build 1.8.0_151-b12)
# Java VM: Java HotSpot(TM) 64-Bit Server VM (25.151-b12 mixed mode windows-amd64 compressed oops)
Heap:
 PSYoungGen      total 218112K, used 75813K [0x00000000d5f00000, 0x00000000e5600000, 0x0000000100000000)
  eden space 204800K, 37% used [0x00000000d5f00000,0x00000000da909618,0x00000000e2700000)
  from space 13312K, 0% used [0x00000000e3680000,0x00000000e3680000,0x00000000e4380000)
  to   space 15872K, 0% used [0x00000000e2700000,0x00000000e2700000,0x00000000e3680000)
 ParOldGen       total 77312K, used 21918K [0x0000000081c00000, 0x0000000086780000, 0x00000000d5f00000)
  object space 77312K, 28% used [0x0000000081c00000,0x0000000083167910,0x0000000086780000)
 Metaspace       used 36505K, capacity 38092K, committed 38272K, reserved 1083392K
  class space    used 4880K, capacity 5185K, committed 5248K, reserved 1048576K
GC Heap History (10 events):
Event: 2.340 GC heap before
{Heap before GC invocations=6 (full 1):
 PSYoungGen      total 71680K, used 5112K [0x00000000d5f00000, 0x00000000df300000, 0x0000000100000000)
  eden space 66560K, 0% used [0x00000000d5f00000,0x00000000d5f00000,0x00000000da000000)
  from space 5120K, 99% used [0x00000000da000000,0x00000000da4fe030,0x00000000da500000)
  to   space 9216K, 0% used [0x00000000dea00000,0x00000000dea00000,0x00000000df300000)
 ParOldGen       total 87552K, used 5583K [0x0000000081c00000, 0x0000000087180000, 0x00000000d5f00000)
  object space 87552K, 6% used [0x0000000081c00000,0x0000000082173e50,0x0000000087180000)
 Metaspace       used 20655K, capacity 21282K, committed 21296K, reserved 1067008K
  class space    used 2756K, capacity 2931K, committed 2944K, reserved 1048576K
Event: 2.390 GC heap after
Heap after GC invocations=6 (full 1):
 PSYoungGen      total 71680K, used 0K [0x00000000d5f00000, 0x00000000df300000, 0x0000000100000000)
  eden space 66560K, 0% used [0x00000000d5f00000,0x00000000d5f00000,0x00000000da000000)
  from space 5120K, 0% used [0x00000000da000000,0x00000000da000000,0x00000000da500000)
  to   space 9216K, 0% used [0x00000000dea00000,0x00000000dea00000,0x00000000df300000)
 ParOldGen       total 48640K, used 5381K [0x0000000081c00000, 0x0000000084b80000, 0x00000000d5f00000)
  object space 48640K, 11% used [0x0000000081c00000,0x0000000082141790,0x0000000084b80000)
 Metaspace       used 20655K, capacity 21282K, committed 21296K, reserved 1067008K
  class space    used 2756K, capacity 2931K, committed 2944K, reserved 1048576K
}
Event: 2.980 GC heap before
{Heap before GC invocations=7 (full 1):
 PSYoungGen      total 71680K, used 66560K [0x00000000d5f00000, 0x00000000df300000, 0x0000000100000000)
  eden space 66560K, 100% used [0x00000000d5f00000,0x00000000da000000,0x00000000da000000)
  from space 5120K, 0% used [0x00000000da000000,0x00000000da000000,0x00000000da500000)
  to   space 9216K, 0% used [0x00000000dea00000,0x00000000dea00000,0x00000000df300000)
 ParOldGen       total 48640K, used 5381K [0x0000000081c00000, 0x0000000084b80000, 0x00000000d5f00000)
  object space 48640K, 11% used [0x0000000081c00000,0x0000000082141790,0x0000000084b80000)
 Metaspace       used 24260K, capacity 25180K, committed 25344K, reserved 1071104K
  class space    used 3255K, capacity 3488K, committed 3584K, reserved 1048576K
Event: 2.987 GC heap after
Heap after GC invocations=7 (full 1):
 PSYoungGen      total 124928K, used 6103K [0x00000000d5f00000, 0x00000000df000000, 0x0000000100000000)
  eden space 118784K, 0% used [0x00000000d5f00000,0x00000000d5f00000,0x00000000dd300000)
  from space 6144K, 99% used [0x00000000dea00000,0x00000000deff5e40,0x00000000df000000)
  to   space 8704K, 0% used [0x00000000ddf00000,0x00000000ddf00000,0x00000000de780000)
 ParOldGen       total 48640K, used 5453K [0x0000000081c00000, 0x0000000084b80000, 0x00000000d5f00000)
  object space 48640K, 11% used [0x0000000081c00000,0x00000000821537a0,0x0000000084b80000)
 Metaspace       used 24260K, capacity 25180K, committed 25344K, reserved 1071104K
  class space    used 3255K, capacity 3488K, committed 3584K, reserved 1048576K
}
Event: 3.802 GC heap before
{Heap before GC invocations=8 (full 1):
 PSYoungGen      total 124928K, used 124887K [0x00000000d5f00000, 0x00000000df000000, 0x0000000100000000)
  eden space 118784K, 100% used [0x00000000d5f00000,0x00000000dd300000,0x00000000dd300000)
  from space 6144K, 99% used [0x00000000dea00000,0x00000000deff5e40,0x00000000df000000)
  to   space 8704K, 0% used [0x00000000ddf00000,0x00000000ddf00000,0x00000000de780000)
 ParOldGen       total 48640K, used 5453K [0x0000000081c00000, 0x0000000084b80000, 0x00000000d5f00000)
  object space 48640K, 11% used [0x0000000081c00000,0x00000000821537a0,0x0000000084b80000)
 Metaspace       used 29466K, capacity 30740K, committed 30848K, reserved 1075200K
  class space    used 3951K, capacity 4212K, committed 4224K, reserved 1048576K
Event: 3.817 GC heap after
Heap after GC invocations=8 (full 1):
 PSYoungGen      total 139776K, used 8681K [0x00000000d5f00000, 0x00000000e4380000, 0x0000000100000000)
  eden space 131072K, 0% used [0x00000000d5f00000,0x00000000d5f00000,0x00000000ddf00000)
  from space 8704K, 99% used [0x00000000ddf00000,0x00000000de77a6f0,0x00000000de780000)
  to   space 13312K, 0% used [0x00000000e3680000,0x00000000e3680000,0x00000000e4380000)
 ParOldGen       total 48640K, used 12375K [0x0000000081c00000, 0x0000000084b80000, 0x00000000d5f00000)
  object space 48640K, 25% used [0x0000000081c00000,0x0000000082815e60,0x0000000084b80000)
 Metaspace       used 29466K, capacity 30740K, committed 30848K, reserved 1075200K
  class space    used 3951K, capacity 4212K, committed 4224K, reserved 1048576K
}
Event: 10.668 GC heap before
{Heap before GC invocations=9 (full 1):
 PSYoungGen      total 139776K, used 100794K [0x00000000d5f00000, 0x00000000e4380000, 0x0000000100000000)
  eden space 131072K, 70% used [0x00000000d5f00000,0x00000000db8f4298,0x00000000ddf00000)
  from space 8704K, 99% used [0x00000000ddf00000,0x00000000de77a6f0,0x00000000de780000)
  to   space 13312K, 0% used [0x00000000e3680000,0x00000000e3680000,0x00000000e4380000)
 ParOldGen       total 48640K, used 12375K [0x0000000081c00000, 0x0000000084b80000, 0x00000000d5f00000)
  object space 48640K, 25% used [0x0000000081c00000,0x0000000082815e60,0x0000000084b80000)
 Metaspace       used 33851K, capacity 35444K, committed 35496K, reserved 1079296K
  class space    used 4577K, capacity 4861K, committed 4864K, reserved 1048576K
Event: 10.685 GC heap after
Heap after GC invocations=9 (full 1):
 PSYoungGen      total 218112K, used 13290K [0x00000000d5f00000, 0x00000000e5600000, 0x0000000100000000)
  eden space 204800K, 0% used [0x00000000d5f00000,0x00000000d5f00000,0x00000000e2700000)
  from space 13312K, 99% used [0x00000000e3680000,0x00000000e437a810,0x00000000e4380000)
  to   space 15872K, 0% used [0x00000000e2700000,0x00000000e2700000,0x00000000e3680000)
 ParOldGen       total 48640K, used 14923K [0x0000000081c00000, 0x0000000084b80000, 0x00000000d5f00000)
  object space 48640K, 30% used [0x0000000081c00000,0x0000000082a92d40,0x0000000084b80000)
 Metaspace       used 33851K, capacity 35444K, committed 35496K, reserved 1079296K
  class space    used 4577K, capacity 4861K, committed 4864K, reserved 1048576K
}
Event: 10.685 GC heap before
{Heap before GC invocations=10 (full 2):
 PSYoungGen      total 218112K, used 13290K [0x00000000d5f00000, 0x00000000e5600000, 0x0000000100000000)
  eden space 204800K, 0% used [0x00000000d5f00000,0x00000000d5f00000,0x00000000e2700000)
  from space 13312K, 99% used [0x00000000e3680000,0x00000000e437a810,0x00000000e4380000)
  to   space 15872K, 0% used [0x00000000e2700000,0x00000000e2700000,0x00000000e3680000)
 ParOldGen       total 48640K, used 14923K [0x0000000081c00000, 0x0000000084b80000, 0x00000000d5f00000)
  object space 48640K, 30% used [0x0000000081c00000,0x0000000082a92d40,0x0000000084b80000)
 Metaspace       used 33851K, capacity 35444K, committed 35496K, reserved 1079296K
  class space    used 4577K, capacity 4861K, committed 4864K, reserved 1048576K
Event: 10.751 GC heap after
Heap after GC invocations=10 (full 2):
 PSYoungGen      total 218112K, used 0K [0x00000000d5f00000, 0x00000000e5600000, 0x0000000100000000)
  eden space 204800K, 0% used [0x00000000d5f00000,0x00000000d5f00000,0x00000000e2700000)
  from space 13312K, 0% used [0x00000000e3680000,0x00000000e3680000,0x00000000e4380000)
  to   space 15872K, 0% used [0x00000000e2700000,0x00000000e2700000,0x00000000e3680000)
 ParOldGen       total 77312K, used 21918K [0x0000000081c00000, 0x0000000086780000, 0x00000000d5f00000)
  object space 77312K, 28% used [0x0000000081c00000,0x0000000083167910,0x0000000086780000)
 Metaspace       used 33851K, capacity 35444K, committed 35496K, reserved 1079296K
  class space    used 4577K, capacity 4861K, committed 4864K, reserved 1048576K
}

